{"timestamp":"2024-11-30T09:39:25.560Z","level":"info","message":"Backend server is running on port 3001","data":{}}
{"timestamp":"2024-11-30T09:41:34.971Z","level":"info","message":"Backend server is running on port 3001","data":{}}
{"timestamp":"2024-11-30T09:41:46.869Z","level":"info","message":"Initializing contracts...","data":{}}
{"timestamp":"2024-11-30T09:41:46.869Z","level":"error","message":"Error initializing contracts: PRIVATE_KEY is missing in .env file.","data":{}}
{"timestamp":"2024-11-30T09:41:46.870Z","level":"error","message":"Failed to start bot: PRIVATE_KEY is missing in .env file.","data":{}}
{"timestamp":"2024-11-30T09:42:07.786Z","level":"info","message":"Initializing contracts...","data":{}}
{"timestamp":"2024-11-30T09:42:07.787Z","level":"error","message":"Error initializing contracts: PRIVATE_KEY is missing in .env file.","data":{}}
{"timestamp":"2024-11-30T09:42:07.787Z","level":"error","message":"Failed to start bot: PRIVATE_KEY is missing in .env file.","data":{}}
{"timestamp":"2024-11-30T09:42:19.647Z","level":"info","message":"Bot is not running.","data":{}}
{"timestamp":"2024-11-30T10:03:24.278Z","level":"info","message":"Initializing contracts...","data":{}}
{"timestamp":"2024-11-30T10:03:24.278Z","level":"error","message":"Error initializing contracts: PRIVATE_KEY is missing in .env file.","data":{}}
{"timestamp":"2024-11-30T10:03:24.279Z","level":"error","message":"Failed to start bot: PRIVATE_KEY is missing in .env file.","data":{}}
{"timestamp":"2024-11-30T10:03:44.535Z","level":"info","message":"Initializing contracts...","data":{}}
{"timestamp":"2024-11-30T10:03:44.536Z","level":"error","message":"Failed to start bot: PRIVATE_KEY is missing in .env file.","data":{}}
{"timestamp":"2024-11-30T10:03:44.536Z","level":"error","message":"Error initializing contracts: PRIVATE_KEY is missing in .env file.","data":{}}
{"timestamp":"2024-11-30T12:58:33.169Z","level":"info","message":"Backend server is running on port 3001","data":{}}
{"timestamp":"2024-11-30T12:58:47.909Z","level":"error","message":"Error fetching logs: getLogs is not a function","data":{}}
{"timestamp":"2024-11-30T12:58:47.959Z","level":"error","message":"Error fetching logs: getLogs is not a function","data":{}}
{"timestamp":"2024-11-30T12:58:50.287Z","level":"error","message":"Error fetching logs: getLogs is not a function","data":{}}
{"timestamp":"2024-11-30T12:58:51.228Z","level":"error","message":"Error fetching logs: getLogs is not a function","data":{}}
{"timestamp":"2024-11-30T12:58:55.420Z","level":"info","message":"Initializing contracts...","data":{}}
{"timestamp":"2024-11-30T12:58:55.420Z","level":"error","message":"Error initializing contracts: PRIVATE_KEY is missing in .env file.","data":{}}
{"timestamp":"2024-11-30T12:58:55.421Z","level":"error","message":"Failed to start bot: PRIVATE_KEY is missing in .env file.","data":{}}
{"timestamp":"2024-11-30T13:21:06.997Z","level":"info","message":"Backend server is running on port 3001","data":{}}
{"timestamp":"2024-11-30T13:21:43.284Z","level":"info","message":"Initializing contracts...","data":{}}
{"timestamp":"2024-11-30T13:21:43.284Z","level":"error","message":"Error initializing contracts: PRIVATE_KEY is missing in .env file.","data":{}}
{"timestamp":"2024-11-30T13:21:43.286Z","level":"error","message":"Failed to start bot: PRIVATE_KEY is missing in .env file.","data":{}}
{"timestamp":"2024-11-30T13:22:04.287Z","level":"info","message":"Bot is not running.","data":{}}
{"timestamp":"2024-11-30T13:22:12.698Z","level":"info","message":"Initializing contracts...","data":{}}
{"timestamp":"2024-11-30T13:22:12.698Z","level":"error","message":"Error initializing contracts: PRIVATE_KEY is missing in .env file.","data":{}}
{"timestamp":"2024-11-30T13:22:12.699Z","level":"error","message":"Failed to start bot: PRIVATE_KEY is missing in .env file.","data":{}}
{"timestamp":"2024-11-30T13:23:30.578Z","level":"info","message":"Backend server is running on port 3001","data":{}}
{"timestamp":"2024-11-30T13:24:18.853Z","level":"info","message":"Initializing contracts...","data":{}}
{"timestamp":"2024-11-30T13:24:18.853Z","level":"error","message":"Error initializing contracts: PRIVATE_KEY is missing in .env file.","data":{}}
{"timestamp":"2024-11-30T13:24:18.854Z","level":"error","message":"Failed to start bot: PRIVATE_KEY is missing in .env file.","data":{}}
{"timestamp":"2024-11-30T13:25:35.818Z","level":"info","message":"Backend server is running on port 3001","data":{}}
{"timestamp":"2024-11-30T13:25:42.506Z","level":"info","message":"Initializing contracts...","data":{}}
{"timestamp":"2024-11-30T13:25:42.506Z","level":"error","message":"Error initializing contracts: PRIVATE_KEY is missing in .env file.","data":{}}
{"timestamp":"2024-11-30T13:25:42.510Z","level":"error","message":"Failed to start bot: PRIVATE_KEY is missing in .env file.","data":{}}
{"timestamp":"2024-11-30T13:26:06.475Z","level":"info","message":"Backend server is running on port 3001","data":{}}
{"timestamp":"2024-11-30T13:26:09.982Z","level":"info","message":"Initializing contracts...","data":{}}
{"timestamp":"2024-11-30T13:26:09.983Z","level":"error","message":"Error initializing contracts: PRIVATE_KEY is missing in .env file.","data":{}}
{"timestamp":"2024-11-30T13:26:09.986Z","level":"error","message":"Failed to start bot: PRIVATE_KEY is missing in .env file.","data":{}}
{"timestamp":"2024-11-30T13:29:56.899Z","level":"info","message":"Backend server is running on port 3001","data":{}}
{"timestamp":"2024-11-30T13:30:02.827Z","level":"info","message":"Initializing contracts...","data":{}}
{"timestamp":"2024-11-30T13:30:02.828Z","level":"error","message":"Error initializing contracts: PRIVATE_KEY is missing in .env file.","data":{}}
{"timestamp":"2024-11-30T13:30:02.831Z","level":"error","message":"Failed to start bot: PRIVATE_KEY is missing in .env file.","data":{}}
{"timestamp":"2024-11-30T13:31:56.634Z","level":"info","message":"Backend server is running on port 3001","data":{}}
{"timestamp":"2024-11-30T13:34:05.173Z","level":"info","message":"Backend server is running on port 3001","data":{}}
{"timestamp":"2024-11-30T13:34:10.726Z","level":"error","message":"Error fetching trades: Cannot read properties of undefined (reading 'all')","data":{}}
{"timestamp":"2024-11-30T13:34:31.493Z","level":"error","message":"Error fetching trades: Cannot read properties of undefined (reading 'all')","data":{}}
{"timestamp":"2024-11-30T13:34:36.205Z","level":"error","message":"Error updating settings: logMessage is not a function","data":{}}
{"timestamp":"2024-11-30T13:34:43.437Z","level":"info","message":"Initializing contracts...","data":{}}
{"timestamp":"2024-11-30T13:34:43.437Z","level":"error","message":"Error initializing contracts: PRIVATE_KEY is missing in .env file.","data":{}}
{"timestamp":"2024-11-30T13:34:43.438Z","level":"error","message":"Failed to start bot: PRIVATE_KEY is missing in .env file.","data":{}}
